2025-09-16 10:46:08,492 - INFO - Таблица users создана или уже существует
2025-09-16 10:46:08,498 - INFO - Таблица inventory создана или уже существует
2025-09-16 10:46:08,512 - INFO - Таблица bookings создана или уже существует
2025-09-16 10:46:08,519 - INFO - Таблица logs создана или уже существует
2025-09-16 10:46:08,526 - INFO - Таблица report_templates создана или уже существует
2025-09-16 10:46:08,533 - INFO - Таблица report_history создана или уже существует
2025-09-16 10:46:09,651 - INFO - Добавлены пользователи по умолчанию
2025-09-16 10:46:09,908 - INFO - Добавлены шаблоны отчётов по умолчанию
2025-09-16 10:46:19,368 - INFO - Пользователь 1 выполнил действие: Вход выполнен
2025-09-16 10:46:19,522 - INFO - Таблица users создана или уже существует
2025-09-16 10:46:19,528 - INFO - Таблица inventory создана или уже существует
2025-09-16 10:46:19,533 - INFO - Таблица bookings создана или уже существует
2025-09-16 10:46:19,537 - INFO - Таблица logs создана или уже существует
2025-09-16 10:46:19,542 - INFO - Таблица report_templates создана или уже существует
2025-09-16 10:46:19,547 - INFO - Таблица report_history создана или уже существует
2025-09-16 10:46:20,635 - INFO - Добавлены пользователи по умолчанию
2025-09-16 10:46:20,943 - INFO - Добавлены шаблоны отчётов по умолчанию
2025-09-16 10:46:20,949 - INFO - Пользователь 1 выполнил действие: Открыто главное окно
2025-09-16 10:47:06,060 - INFO - Пользователь 1 выполнил действие: Сохранён отчёт Состояние по категориям
2025-09-16 10:47:07,099 - INFO - Действие с отчётом 2 пользователем 1: Отредактирован отчёт Состояние по категориям
2025-09-16 10:52:41,928 - INFO - Таблица users создана или уже существует
2025-09-16 10:52:41,932 - INFO - Таблица inventory создана или уже существует
2025-09-16 10:52:41,938 - INFO - Таблица bookings создана или уже существует
2025-09-16 10:52:41,942 - INFO - Таблица logs создана или уже существует
2025-09-16 10:52:41,947 - INFO - Таблица report_templates создана или уже существует
2025-09-16 10:52:41,951 - INFO - Таблица report_history создана или уже существует
2025-09-16 10:52:43,054 - INFO - Добавлены пользователи по умолчанию
2025-09-16 10:52:43,323 - INFO - Добавлены шаблоны отчётов по умолчанию
2025-09-16 10:52:50,402 - INFO - Пользователь 1 выполнил действие: Вход выполнен
2025-09-16 10:52:50,462 - INFO - Таблица users создана или уже существует
2025-09-16 10:52:50,472 - INFO - Таблица inventory создана или уже существует
2025-09-16 10:52:50,479 - INFO - Таблица bookings создана или уже существует
2025-09-16 10:52:50,486 - INFO - Таблица logs создана или уже существует
2025-09-16 10:52:50,492 - INFO - Таблица report_templates создана или уже существует
2025-09-16 10:52:50,497 - INFO - Таблица report_history создана или уже существует
2025-09-16 10:52:51,576 - INFO - Добавлены пользователи по умолчанию
2025-09-16 10:52:51,906 - INFO - Добавлены шаблоны отчётов по умолчанию
2025-09-16 10:52:51,911 - INFO - Пользователь 1 выполнил действие: Открыто главное окно
2025-09-16 10:53:08,730 - INFO - Пользователь 1 выполнил действие: Сохранён отчёт План закупок
2025-09-16 10:53:09,885 - INFO - Действие с отчётом 6 пользователем 1: Отредактирован отчёт План закупок
2025-09-16 11:12:13,030 - INFO - Таблица users создана или уже существует
2025-09-16 11:12:13,035 - INFO - Таблица inventory создана или уже существует
2025-09-16 11:12:13,039 - INFO - Таблица bookings создана или уже существует
2025-09-16 11:12:13,044 - INFO - Таблица logs создана или уже существует
2025-09-16 11:12:13,048 - INFO - Таблица report_templates создана или уже существует
2025-09-16 11:12:13,053 - INFO - Таблица report_history создана или уже существует
2025-09-16 11:12:14,145 - INFO - Добавлены пользователи по умолчанию
2025-09-16 11:12:14,426 - INFO - Добавлены шаблоны отчётов по умолчанию
2025-09-16 11:12:22,375 - INFO - Пользователь 1 выполнил действие: Вход выполнен
2025-09-16 11:12:22,414 - INFO - Таблица users создана или уже существует
2025-09-16 11:12:22,432 - INFO - Таблица inventory создана или уже существует
2025-09-16 11:12:22,442 - INFO - Таблица bookings создана или уже существует
2025-09-16 11:12:22,449 - INFO - Таблица logs создана или уже существует
2025-09-16 11:12:22,455 - INFO - Таблица report_templates создана или уже существует
2025-09-16 11:12:22,463 - INFO - Таблица report_history создана или уже существует
2025-09-16 11:12:23,527 - INFO - Добавлены пользователи по умолчанию
2025-09-16 11:12:23,773 - INFO - Добавлены шаблоны отчётов по умолчанию
2025-09-16 11:12:23,777 - INFO - Пользователь 1 выполнил действие: Открыто главное окно
2025-09-16 11:12:42,434 - INFO - Пользователь 1 выполнил действие: Сохранён отчёт Состояние по категориям
2025-09-16 11:12:43,627 - INFO - Действие с отчётом 2 пользователем 1: Отредактирован отчёт Состояние по категориям
2025-09-16 11:12:47,884 - ERROR - Ошибка удаления отчёта: ('23000', '[23000] [Microsoft][ODBC Driver 17 for SQL Server][SQL Server]The DELETE statement conflicted with the REFERENCE constraint "FK__report_hi__repor__49C3F6B7". The conflict occurred in database "inventoryyyyyyyy", table "dbo.report_history", column \'report_id\'. (547) (SQLExecDirectW); [23000] [Microsoft][ODBC Driver 17 for SQL Server][SQL Server]The statement has been terminated. (3621)')
2025-09-16 11:12:51,983 - ERROR - Ошибка логирования действия с отчётом 269: ('23000', '[23000] [Microsoft][ODBC Driver 17 for SQL Server][SQL Server]The INSERT statement conflicted with the FOREIGN KEY constraint "FK__report_hi__repor__49C3F6B7". The conflict occurred in database "inventoryyyyyyyy", table "dbo.report_templates", column \'id\'. (547) (SQLExecDirectW); [23000] [Microsoft][ODBC Driver 17 for SQL Server][SQL Server]The statement has been terminated. (3621)')
2025-09-16 11:12:52,871 - ERROR - Ошибка логирования действия с отчётом 268: ('23000', '[23000] [Microsoft][ODBC Driver 17 for SQL Server][SQL Server]The INSERT statement conflicted with the FOREIGN KEY constraint "FK__report_hi__repor__49C3F6B7". The conflict occurred in database "inventoryyyyyyyy", table "dbo.report_templates", column \'id\'. (547) (SQLExecDirectW); [23000] [Microsoft][ODBC Driver 17 for SQL Server][SQL Server]The statement has been terminated. (3621)')
2025-09-16 11:12:53,296 - ERROR - Ошибка логирования действия с отчётом 267: ('23000', '[23000] [Microsoft][ODBC Driver 17 for SQL Server][SQL Server]The INSERT statement conflicted with the FOREIGN KEY constraint "FK__report_hi__repor__49C3F6B7". The conflict occurred in database "inventoryyyyyyyy", table "dbo.report_templates", column \'id\'. (547) (SQLExecDirectW); [23000] [Microsoft][ODBC Driver 17 for SQL Server][SQL Server]The statement has been terminated. (3621)')
2025-09-16 11:12:53,674 - ERROR - Ошибка логирования действия с отчётом 266: ('23000', '[23000] [Microsoft][ODBC Driver 17 for SQL Server][SQL Server]The INSERT statement conflicted with the FOREIGN KEY constraint "FK__report_hi__repor__49C3F6B7". The conflict occurred in database "inventoryyyyyyyy", table "dbo.report_templates", column \'id\'. (547) (SQLExecDirectW); [23000] [Microsoft][ODBC Driver 17 for SQL Server][SQL Server]The statement has been terminated. (3621)')
2025-09-16 11:12:53,886 - ERROR - Ошибка логирования действия с отчётом 265: ('23000', '[23000] [Microsoft][ODBC Driver 17 for SQL Server][SQL Server]The INSERT statement conflicted with the FOREIGN KEY constraint "FK__report_hi__repor__49C3F6B7". The conflict occurred in database "inventoryyyyyyyy", table "dbo.report_templates", column \'id\'. (547) (SQLExecDirectW); [23000] [Microsoft][ODBC Driver 17 for SQL Server][SQL Server]The statement has been terminated. (3621)')
2025-09-16 11:12:54,088 - ERROR - Ошибка логирования действия с отчётом 264: ('23000', '[23000] [Microsoft][ODBC Driver 17 for SQL Server][SQL Server]The INSERT statement conflicted with the FOREIGN KEY constraint "FK__report_hi__repor__49C3F6B7". The conflict occurred in database "inventoryyyyyyyy", table "dbo.report_templates", column \'id\'. (547) (SQLExecDirectW); [23000] [Microsoft][ODBC Driver 17 for SQL Server][SQL Server]The statement has been terminated. (3621)')
2025-09-16 11:12:54,322 - ERROR - Ошибка логирования действия с отчётом 263: ('23000', '[23000] [Microsoft][ODBC Driver 17 for SQL Server][SQL Server]The INSERT statement conflicted with the FOREIGN KEY constraint "FK__report_hi__repor__49C3F6B7". The conflict occurred in database "inventoryyyyyyyy", table "dbo.report_templates", column \'id\'. (547) (SQLExecDirectW); [23000] [Microsoft][ODBC Driver 17 for SQL Server][SQL Server]The statement has been terminated. (3621)')
2025-09-16 11:12:54,532 - ERROR - Ошибка логирования действия с отчётом 262: ('23000', '[23000] [Microsoft][ODBC Driver 17 for SQL Server][SQL Server]The INSERT statement conflicted with the FOREIGN KEY constraint "FK__report_hi__repor__49C3F6B7". The conflict occurred in database "inventoryyyyyyyy", table "dbo.report_templates", column \'id\'. (547) (SQLExecDirectW); [23000] [Microsoft][ODBC Driver 17 for SQL Server][SQL Server]The statement has been terminated. (3621)')
2025-09-16 11:12:54,796 - ERROR - Ошибка логирования действия с отчётом 261: ('23000', '[23000] [Microsoft][ODBC Driver 17 for SQL Server][SQL Server]The INSERT statement conflicted with the FOREIGN KEY constraint "FK__report_hi__repor__49C3F6B7". The conflict occurred in database "inventoryyyyyyyy", table "dbo.report_templates", column \'id\'. (547) (SQLExecDirectW); [23000] [Microsoft][ODBC Driver 17 for SQL Server][SQL Server]The statement has been terminated. (3621)')
2025-09-16 11:12:54,981 - ERROR - Ошибка логирования действия с отчётом 260: ('23000', '[23000] [Microsoft][ODBC Driver 17 for SQL Server][SQL Server]The INSERT statement conflicted with the FOREIGN KEY constraint "FK__report_hi__repor__49C3F6B7". The conflict occurred in database "inventoryyyyyyyy", table "dbo.report_templates", column \'id\'. (547) (SQLExecDirectW); [23000] [Microsoft][ODBC Driver 17 for SQL Server][SQL Server]The statement has been terminated. (3621)')
2025-09-16 11:12:55,148 - ERROR - Ошибка логирования действия с отчётом 259: ('23000', '[23000] [Microsoft][ODBC Driver 17 for SQL Server][SQL Server]The INSERT statement conflicted with the FOREIGN KEY constraint "FK__report_hi__repor__49C3F6B7". The conflict occurred in database "inventoryyyyyyyy", table "dbo.report_templates", column \'id\'. (547) (SQLExecDirectW); [23000] [Microsoft][ODBC Driver 17 for SQL Server][SQL Server]The statement has been terminated. (3621)')
2025-09-16 11:12:55,307 - ERROR - Ошибка логирования действия с отчётом 258: ('23000', '[23000] [Microsoft][ODBC Driver 17 for SQL Server][SQL Server]The INSERT statement conflicted with the FOREIGN KEY constraint "FK__report_hi__repor__49C3F6B7". The conflict occurred in database "inventoryyyyyyyy", table "dbo.report_templates", column \'id\'. (547) (SQLExecDirectW); [23000] [Microsoft][ODBC Driver 17 for SQL Server][SQL Server]The statement has been terminated. (3621)')
2025-09-16 11:12:55,465 - ERROR - Ошибка логирования действия с отчётом 257: ('23000', '[23000] [Microsoft][ODBC Driver 17 for SQL Server][SQL Server]The INSERT statement conflicted with the FOREIGN KEY constraint "FK__report_hi__repor__49C3F6B7". The conflict occurred in database "inventoryyyyyyyy", table "dbo.report_templates", column \'id\'. (547) (SQLExecDirectW); [23000] [Microsoft][ODBC Driver 17 for SQL Server][SQL Server]The statement has been terminated. (3621)')
2025-09-16 11:12:55,618 - ERROR - Ошибка логирования действия с отчётом 256: ('23000', '[23000] [Microsoft][ODBC Driver 17 for SQL Server][SQL Server]The INSERT statement conflicted with the FOREIGN KEY constraint "FK__report_hi__repor__49C3F6B7". The conflict occurred in database "inventoryyyyyyyy", table "dbo.report_templates", column \'id\'. (547) (SQLExecDirectW); [23000] [Microsoft][ODBC Driver 17 for SQL Server][SQL Server]The statement has been terminated. (3621)')
2025-09-16 11:12:55,890 - ERROR - Ошибка логирования действия с отчётом 255: ('23000', '[23000] [Microsoft][ODBC Driver 17 for SQL Server][SQL Server]The INSERT statement conflicted with the FOREIGN KEY constraint "FK__report_hi__repor__49C3F6B7". The conflict occurred in database "inventoryyyyyyyy", table "dbo.report_templates", column \'id\'. (547) (SQLExecDirectW); [23000] [Microsoft][ODBC Driver 17 for SQL Server][SQL Server]The statement has been terminated. (3621)')
2025-09-16 11:12:56,048 - ERROR - Ошибка логирования действия с отчётом 254: ('23000', '[23000] [Microsoft][ODBC Driver 17 for SQL Server][SQL Server]The INSERT statement conflicted with the FOREIGN KEY constraint "FK__report_hi__repor__49C3F6B7". The conflict occurred in database "inventoryyyyyyyy", table "dbo.report_templates", column \'id\'. (547) (SQLExecDirectW); [23000] [Microsoft][ODBC Driver 17 for SQL Server][SQL Server]The statement has been terminated. (3621)')
2025-09-16 11:12:56,264 - ERROR - Ошибка логирования действия с отчётом 253: ('23000', '[23000] [Microsoft][ODBC Driver 17 for SQL Server][SQL Server]The INSERT statement conflicted with the FOREIGN KEY constraint "FK__report_hi__repor__49C3F6B7". The conflict occurred in database "inventoryyyyyyyy", table "dbo.report_templates", column \'id\'. (547) (SQLExecDirectW); [23000] [Microsoft][ODBC Driver 17 for SQL Server][SQL Server]The statement has been terminated. (3621)')
2025-09-16 11:12:56,525 - ERROR - Ошибка логирования действия с отчётом 252: ('23000', '[23000] [Microsoft][ODBC Driver 17 for SQL Server][SQL Server]The INSERT statement conflicted with the FOREIGN KEY constraint "FK__report_hi__repor__49C3F6B7". The conflict occurred in database "inventoryyyyyyyy", table "dbo.report_templates", column \'id\'. (547) (SQLExecDirectW); [23000] [Microsoft][ODBC Driver 17 for SQL Server][SQL Server]The statement has been terminated. (3621)')
2025-09-16 11:12:56,664 - ERROR - Ошибка логирования действия с отчётом 251: ('23000', '[23000] [Microsoft][ODBC Driver 17 for SQL Server][SQL Server]The INSERT statement conflicted with the FOREIGN KEY constraint "FK__report_hi__repor__49C3F6B7". The conflict occurred in database "inventoryyyyyyyy", table "dbo.report_templates", column \'id\'. (547) (SQLExecDirectW); [23000] [Microsoft][ODBC Driver 17 for SQL Server][SQL Server]The statement has been terminated. (3621)')
2025-09-16 11:12:56,811 - ERROR - Ошибка логирования действия с отчётом 250: ('23000', '[23000] [Microsoft][ODBC Driver 17 for SQL Server][SQL Server]The INSERT statement conflicted with the FOREIGN KEY constraint "FK__report_hi__repor__49C3F6B7". The conflict occurred in database "inventoryyyyyyyy", table "dbo.report_templates", column \'id\'. (547) (SQLExecDirectW); [23000] [Microsoft][ODBC Driver 17 for SQL Server][SQL Server]The statement has been terminated. (3621)')
2025-09-16 11:12:57,072 - ERROR - Ошибка логирования действия с отчётом 249: ('23000', '[23000] [Microsoft][ODBC Driver 17 for SQL Server][SQL Server]The INSERT statement conflicted with the FOREIGN KEY constraint "FK__report_hi__repor__49C3F6B7". The conflict occurred in database "inventoryyyyyyyy", table "dbo.report_templates", column \'id\'. (547) (SQLExecDirectW); [23000] [Microsoft][ODBC Driver 17 for SQL Server][SQL Server]The statement has been terminated. (3621)')
2025-09-16 11:12:57,193 - ERROR - Ошибка логирования действия с отчётом 248: ('23000', '[23000] [Microsoft][ODBC Driver 17 for SQL Server][SQL Server]The INSERT statement conflicted with the FOREIGN KEY constraint "FK__report_hi__repor__49C3F6B7". The conflict occurred in database "inventoryyyyyyyy", table "dbo.report_templates", column \'id\'. (547) (SQLExecDirectW); [23000] [Microsoft][ODBC Driver 17 for SQL Server][SQL Server]The statement has been terminated. (3621)')
2025-09-16 11:12:57,548 - ERROR - Ошибка логирования действия с отчётом 247: ('23000', '[23000] [Microsoft][ODBC Driver 17 for SQL Server][SQL Server]The INSERT statement conflicted with the FOREIGN KEY constraint "FK__report_hi__repor__49C3F6B7". The conflict occurred in database "inventoryyyyyyyy", table "dbo.report_templates", column \'id\'. (547) (SQLExecDirectW); [23000] [Microsoft][ODBC Driver 17 for SQL Server][SQL Server]The statement has been terminated. (3621)')
2025-09-16 11:12:57,676 - ERROR - Ошибка логирования действия с отчётом 246: ('23000', '[23000] [Microsoft][ODBC Driver 17 for SQL Server][SQL Server]The INSERT statement conflicted with the FOREIGN KEY constraint "FK__report_hi__repor__49C3F6B7". The conflict occurred in database "inventoryyyyyyyy", table "dbo.report_templates", column \'id\'. (547) (SQLExecDirectW); [23000] [Microsoft][ODBC Driver 17 for SQL Server][SQL Server]The statement has been terminated. (3621)')
2025-09-16 11:12:57,816 - ERROR - Ошибка логирования действия с отчётом 245: ('23000', '[23000] [Microsoft][ODBC Driver 17 for SQL Server][SQL Server]The INSERT statement conflicted with the FOREIGN KEY constraint "FK__report_hi__repor__49C3F6B7". The conflict occurred in database "inventoryyyyyyyy", table "dbo.report_templates", column \'id\'. (547) (SQLExecDirectW); [23000] [Microsoft][ODBC Driver 17 for SQL Server][SQL Server]The statement has been terminated. (3621)')
2025-09-16 11:12:57,947 - ERROR - Ошибка логирования действия с отчётом 244: ('23000', '[23000] [Microsoft][ODBC Driver 17 for SQL Server][SQL Server]The INSERT statement conflicted with the FOREIGN KEY constraint "FK__report_hi__repor__49C3F6B7". The conflict occurred in database "inventoryyyyyyyy", table "dbo.report_templates", column \'id\'. (547) (SQLExecDirectW); [23000] [Microsoft][ODBC Driver 17 for SQL Server][SQL Server]The statement has been terminated. (3621)')
2025-09-16 11:12:58,070 - ERROR - Ошибка логирования действия с отчётом 243: ('23000', '[23000] [Microsoft][ODBC Driver 17 for SQL Server][SQL Server]The INSERT statement conflicted with the FOREIGN KEY constraint "FK__report_hi__repor__49C3F6B7". The conflict occurred in database "inventoryyyyyyyy", table "dbo.report_templates", column \'id\'. (547) (SQLExecDirectW); [23000] [Microsoft][ODBC Driver 17 for SQL Server][SQL Server]The statement has been terminated. (3621)')
2025-09-16 11:12:58,196 - ERROR - Ошибка логирования действия с отчётом 242: ('23000', '[23000] [Microsoft][ODBC Driver 17 for SQL Server][SQL Server]The INSERT statement conflicted with the FOREIGN KEY constraint "FK__report_hi__repor__49C3F6B7". The conflict occurred in database "inventoryyyyyyyy", table "dbo.report_templates", column \'id\'. (547) (SQLExecDirectW); [23000] [Microsoft][ODBC Driver 17 for SQL Server][SQL Server]The statement has been terminated. (3621)')
2025-09-16 11:12:58,318 - ERROR - Ошибка логирования действия с отчётом 241: ('23000', '[23000] [Microsoft][ODBC Driver 17 for SQL Server][SQL Server]The INSERT statement conflicted with the FOREIGN KEY constraint "FK__report_hi__repor__49C3F6B7". The conflict occurred in database "inventoryyyyyyyy", table "dbo.report_templates", column \'id\'. (547) (SQLExecDirectW); [23000] [Microsoft][ODBC Driver 17 for SQL Server][SQL Server]The statement has been terminated. (3621)')
2025-09-16 11:12:58,445 - ERROR - Ошибка логирования действия с отчётом 240: ('23000', '[23000] [Microsoft][ODBC Driver 17 for SQL Server][SQL Server]The INSERT statement conflicted with the FOREIGN KEY constraint "FK__report_hi__repor__49C3F6B7". The conflict occurred in database "inventoryyyyyyyy", table "dbo.report_templates", column \'id\'. (547) (SQLExecDirectW); [23000] [Microsoft][ODBC Driver 17 for SQL Server][SQL Server]The statement has been terminated. (3621)')
2025-09-16 11:12:58,566 - ERROR - Ошибка логирования действия с отчётом 239: ('23000', '[23000] [Microsoft][ODBC Driver 17 for SQL Server][SQL Server]The INSERT statement conflicted with the FOREIGN KEY constraint "FK__report_hi__repor__49C3F6B7". The conflict occurred in database "inventoryyyyyyyy", table "dbo.report_templates", column \'id\'. (547) (SQLExecDirectW); [23000] [Microsoft][ODBC Driver 17 for SQL Server][SQL Server]The statement has been terminated. (3621)')
2025-09-16 11:12:58,711 - ERROR - Ошибка логирования действия с отчётом 238: ('23000', '[23000] [Microsoft][ODBC Driver 17 for SQL Server][SQL Server]The INSERT statement conflicted with the FOREIGN KEY constraint "FK__report_hi__repor__49C3F6B7". The conflict occurred in database "inventoryyyyyyyy", table "dbo.report_templates", column \'id\'. (547) (SQLExecDirectW); [23000] [Microsoft][ODBC Driver 17 for SQL Server][SQL Server]The statement has been terminated. (3621)')
2025-09-16 11:12:58,828 - ERROR - Ошибка логирования действия с отчётом 237: ('23000', '[23000] [Microsoft][ODBC Driver 17 for SQL Server][SQL Server]The INSERT statement conflicted with the FOREIGN KEY constraint "FK__report_hi__repor__49C3F6B7". The conflict occurred in database "inventoryyyyyyyy", table "dbo.report_templates", column \'id\'. (547) (SQLExecDirectW); [23000] [Microsoft][ODBC Driver 17 for SQL Server][SQL Server]The statement has been terminated. (3621)')
2025-09-16 11:12:58,951 - ERROR - Ошибка логирования действия с отчётом 236: ('23000', '[23000] [Microsoft][ODBC Driver 17 for SQL Server][SQL Server]The INSERT statement conflicted with the FOREIGN KEY constraint "FK__report_hi__repor__49C3F6B7". The conflict occurred in database "inventoryyyyyyyy", table "dbo.report_templates", column \'id\'. (547) (SQLExecDirectW); [23000] [Microsoft][ODBC Driver 17 for SQL Server][SQL Server]The statement has been terminated. (3621)')
2025-09-16 11:12:59,061 - ERROR - Ошибка логирования действия с отчётом 235: ('23000', '[23000] [Microsoft][ODBC Driver 17 for SQL Server][SQL Server]The INSERT statement conflicted with the FOREIGN KEY constraint "FK__report_hi__repor__49C3F6B7". The conflict occurred in database "inventoryyyyyyyy", table "dbo.report_templates", column \'id\'. (547) (SQLExecDirectW); [23000] [Microsoft][ODBC Driver 17 for SQL Server][SQL Server]The statement has been terminated. (3621)')
2025-09-16 11:12:59,204 - ERROR - Ошибка логирования действия с отчётом 234: ('23000', '[23000] [Microsoft][ODBC Driver 17 for SQL Server][SQL Server]The INSERT statement conflicted with the FOREIGN KEY constraint "FK__report_hi__repor__49C3F6B7". The conflict occurred in database "inventoryyyyyyyy", table "dbo.report_templates", column \'id\'. (547) (SQLExecDirectW); [23000] [Microsoft][ODBC Driver 17 for SQL Server][SQL Server]The statement has been terminated. (3621)')
2025-09-16 11:12:59,324 - ERROR - Ошибка логирования действия с отчётом 233: ('23000', '[23000] [Microsoft][ODBC Driver 17 for SQL Server][SQL Server]The INSERT statement conflicted with the FOREIGN KEY constraint "FK__report_hi__repor__49C3F6B7". The conflict occurred in database "inventoryyyyyyyy", table "dbo.report_templates", column \'id\'. (547) (SQLExecDirectW); [23000] [Microsoft][ODBC Driver 17 for SQL Server][SQL Server]The statement has been terminated. (3621)')
2025-09-16 11:12:59,524 - ERROR - Ошибка логирования действия с отчётом 232: ('23000', '[23000] [Microsoft][ODBC Driver 17 for SQL Server][SQL Server]The INSERT statement conflicted with the FOREIGN KEY constraint "FK__report_hi__repor__49C3F6B7". The conflict occurred in database "inventoryyyyyyyy", table "dbo.report_templates", column \'id\'. (547) (SQLExecDirectW); [23000] [Microsoft][ODBC Driver 17 for SQL Server][SQL Server]The statement has been terminated. (3621)')
2025-09-16 11:12:59,647 - ERROR - Ошибка логирования действия с отчётом 231: ('23000', '[23000] [Microsoft][ODBC Driver 17 for SQL Server][SQL Server]The INSERT statement conflicted with the FOREIGN KEY constraint "FK__report_hi__repor__49C3F6B7". The conflict occurred in database "inventoryyyyyyyy", table "dbo.report_templates", column \'id\'. (547) (SQLExecDirectW); [23000] [Microsoft][ODBC Driver 17 for SQL Server][SQL Server]The statement has been terminated. (3621)')
2025-09-16 11:12:59,784 - ERROR - Ошибка логирования действия с отчётом 230: ('23000', '[23000] [Microsoft][ODBC Driver 17 for SQL Server][SQL Server]The INSERT statement conflicted with the FOREIGN KEY constraint "FK__report_hi__repor__49C3F6B7". The conflict occurred in database "inventoryyyyyyyy", table "dbo.report_templates", column \'id\'. (547) (SQLExecDirectW); [23000] [Microsoft][ODBC Driver 17 for SQL Server][SQL Server]The statement has been terminated. (3621)')
2025-09-16 11:12:59,907 - ERROR - Ошибка логирования действия с отчётом 229: ('23000', '[23000] [Microsoft][ODBC Driver 17 for SQL Server][SQL Server]The INSERT statement conflicted with the FOREIGN KEY constraint "FK__report_hi__repor__49C3F6B7". The conflict occurred in database "inventoryyyyyyyy", table "dbo.report_templates", column \'id\'. (547) (SQLExecDirectW); [23000] [Microsoft][ODBC Driver 17 for SQL Server][SQL Server]The statement has been terminated. (3621)')
2025-09-16 11:13:00,035 - ERROR - Ошибка логирования действия с отчётом 228: ('23000', '[23000] [Microsoft][ODBC Driver 17 for SQL Server][SQL Server]The INSERT statement conflicted with the FOREIGN KEY constraint "FK__report_hi__repor__49C3F6B7". The conflict occurred in database "inventoryyyyyyyy", table "dbo.report_templates", column \'id\'. (547) (SQLExecDirectW); [23000] [Microsoft][ODBC Driver 17 for SQL Server][SQL Server]The statement has been terminated. (3621)')
2025-09-16 11:13:00,155 - ERROR - Ошибка логирования действия с отчётом 227: ('23000', '[23000] [Microsoft][ODBC Driver 17 for SQL Server][SQL Server]The INSERT statement conflicted with the FOREIGN KEY constraint "FK__report_hi__repor__49C3F6B7". The conflict occurred in database "inventoryyyyyyyy", table "dbo.report_templates", column \'id\'. (547) (SQLExecDirectW); [23000] [Microsoft][ODBC Driver 17 for SQL Server][SQL Server]The statement has been terminated. (3621)')
2025-09-16 11:13:00,289 - ERROR - Ошибка логирования действия с отчётом 226: ('23000', '[23000] [Microsoft][ODBC Driver 17 for SQL Server][SQL Server]The INSERT statement conflicted with the FOREIGN KEY constraint "FK__report_hi__repor__49C3F6B7". The conflict occurred in database "inventoryyyyyyyy", table "dbo.report_templates", column \'id\'. (547) (SQLExecDirectW); [23000] [Microsoft][ODBC Driver 17 for SQL Server][SQL Server]The statement has been terminated. (3621)')
2025-09-16 11:13:00,408 - ERROR - Ошибка логирования действия с отчётом 225: ('23000', '[23000] [Microsoft][ODBC Driver 17 for SQL Server][SQL Server]The INSERT statement conflicted with the FOREIGN KEY constraint "FK__report_hi__repor__49C3F6B7". The conflict occurred in database "inventoryyyyyyyy", table "dbo.report_templates", column \'id\'. (547) (SQLExecDirectW); [23000] [Microsoft][ODBC Driver 17 for SQL Server][SQL Server]The statement has been terminated. (3621)')
2025-09-16 11:13:00,555 - ERROR - Ошибка логирования действия с отчётом 224: ('23000', '[23000] [Microsoft][ODBC Driver 17 for SQL Server][SQL Server]The INSERT statement conflicted with the FOREIGN KEY constraint "FK__report_hi__repor__49C3F6B7". The conflict occurred in database "inventoryyyyyyyy", table "dbo.report_templates", column \'id\'. (547) (SQLExecDirectW); [23000] [Microsoft][ODBC Driver 17 for SQL Server][SQL Server]The statement has been terminated. (3621)')
2025-09-16 11:13:00,679 - ERROR - Ошибка логирования действия с отчётом 223: ('23000', '[23000] [Microsoft][ODBC Driver 17 for SQL Server][SQL Server]The INSERT statement conflicted with the FOREIGN KEY constraint "FK__report_hi__repor__49C3F6B7". The conflict occurred in database "inventoryyyyyyyy", table "dbo.report_templates", column \'id\'. (547) (SQLExecDirectW); [23000] [Microsoft][ODBC Driver 17 for SQL Server][SQL Server]The statement has been terminated. (3621)')
2025-09-16 11:13:00,802 - ERROR - Ошибка логирования действия с отчётом 222: ('23000', '[23000] [Microsoft][ODBC Driver 17 for SQL Server][SQL Server]The INSERT statement conflicted with the FOREIGN KEY constraint "FK__report_hi__repor__49C3F6B7". The conflict occurred in database "inventoryyyyyyyy", table "dbo.report_templates", column \'id\'. (547) (SQLExecDirectW); [23000] [Microsoft][ODBC Driver 17 for SQL Server][SQL Server]The statement has been terminated. (3621)')
2025-09-16 11:13:00,934 - ERROR - Ошибка логирования действия с отчётом 221: ('23000', '[23000] [Microsoft][ODBC Driver 17 for SQL Server][SQL Server]The INSERT statement conflicted with the FOREIGN KEY constraint "FK__report_hi__repor__49C3F6B7". The conflict occurred in database "inventoryyyyyyyy", table "dbo.report_templates", column \'id\'. (547) (SQLExecDirectW); [23000] [Microsoft][ODBC Driver 17 for SQL Server][SQL Server]The statement has been terminated. (3621)')
2025-09-16 11:13:01,064 - ERROR - Ошибка логирования действия с отчётом 220: ('23000', '[23000] [Microsoft][ODBC Driver 17 for SQL Server][SQL Server]The INSERT statement conflicted with the FOREIGN KEY constraint "FK__report_hi__repor__49C3F6B7". The conflict occurred in database "inventoryyyyyyyy", table "dbo.report_templates", column \'id\'. (547) (SQLExecDirectW); [23000] [Microsoft][ODBC Driver 17 for SQL Server][SQL Server]The statement has been terminated. (3621)')
2025-09-16 11:13:01,203 - ERROR - Ошибка логирования действия с отчётом 219: ('23000', '[23000] [Microsoft][ODBC Driver 17 for SQL Server][SQL Server]The INSERT statement conflicted with the FOREIGN KEY constraint "FK__report_hi__repor__49C3F6B7". The conflict occurred in database "inventoryyyyyyyy", table "dbo.report_templates", column \'id\'. (547) (SQLExecDirectW); [23000] [Microsoft][ODBC Driver 17 for SQL Server][SQL Server]The statement has been terminated. (3621)')
2025-09-16 11:13:01,310 - ERROR - Ошибка логирования действия с отчётом 218: ('23000', '[23000] [Microsoft][ODBC Driver 17 for SQL Server][SQL Server]The INSERT statement conflicted with the FOREIGN KEY constraint "FK__report_hi__repor__49C3F6B7". The conflict occurred in database "inventoryyyyyyyy", table "dbo.report_templates", column \'id\'. (547) (SQLExecDirectW); [23000] [Microsoft][ODBC Driver 17 for SQL Server][SQL Server]The statement has been terminated. (3621)')
2025-09-16 11:13:01,451 - ERROR - Ошибка логирования действия с отчётом 217: ('23000', '[23000] [Microsoft][ODBC Driver 17 for SQL Server][SQL Server]The INSERT statement conflicted with the FOREIGN KEY constraint "FK__report_hi__repor__49C3F6B7". The conflict occurred in database "inventoryyyyyyyy", table "dbo.report_templates", column \'id\'. (547) (SQLExecDirectW); [23000] [Microsoft][ODBC Driver 17 for SQL Server][SQL Server]The statement has been terminated. (3621)')
2025-09-16 11:13:01,575 - ERROR - Ошибка логирования действия с отчётом 216: ('23000', '[23000] [Microsoft][ODBC Driver 17 for SQL Server][SQL Server]The INSERT statement conflicted with the FOREIGN KEY constraint "FK__report_hi__repor__49C3F6B7". The conflict occurred in database "inventoryyyyyyyy", table "dbo.report_templates", column \'id\'. (547) (SQLExecDirectW); [23000] [Microsoft][ODBC Driver 17 for SQL Server][SQL Server]The statement has been terminated. (3621)')
2025-09-16 11:13:01,698 - ERROR - Ошибка логирования действия с отчётом 215: ('23000', '[23000] [Microsoft][ODBC Driver 17 for SQL Server][SQL Server]The INSERT statement conflicted with the FOREIGN KEY constraint "FK__report_hi__repor__49C3F6B7". The conflict occurred in database "inventoryyyyyyyy", table "dbo.report_templates", column \'id\'. (547) (SQLExecDirectW); [23000] [Microsoft][ODBC Driver 17 for SQL Server][SQL Server]The statement has been terminated. (3621)')
2025-09-16 11:13:01,828 - ERROR - Ошибка логирования действия с отчётом 214: ('23000', '[23000] [Microsoft][ODBC Driver 17 for SQL Server][SQL Server]The INSERT statement conflicted with the FOREIGN KEY constraint "FK__report_hi__repor__49C3F6B7". The conflict occurred in database "inventoryyyyyyyy", table "dbo.report_templates", column \'id\'. (547) (SQLExecDirectW); [23000] [Microsoft][ODBC Driver 17 for SQL Server][SQL Server]The statement has been terminated. (3621)')
2025-09-16 11:13:01,959 - ERROR - Ошибка логирования действия с отчётом 213: ('23000', '[23000] [Microsoft][ODBC Driver 17 for SQL Server][SQL Server]The INSERT statement conflicted with the FOREIGN KEY constraint "FK__report_hi__repor__49C3F6B7". The conflict occurred in database "inventoryyyyyyyy", table "dbo.report_templates", column \'id\'. (547) (SQLExecDirectW); [23000] [Microsoft][ODBC Driver 17 for SQL Server][SQL Server]The statement has been terminated. (3621)')
2025-09-16 11:13:02,089 - ERROR - Ошибка логирования действия с отчётом 212: ('23000', '[23000] [Microsoft][ODBC Driver 17 for SQL Server][SQL Server]The INSERT statement conflicted with the FOREIGN KEY constraint "FK__report_hi__repor__49C3F6B7". The conflict occurred in database "inventoryyyyyyyy", table "dbo.report_templates", column \'id\'. (547) (SQLExecDirectW); [23000] [Microsoft][ODBC Driver 17 for SQL Server][SQL Server]The statement has been terminated. (3621)')
2025-09-16 11:13:02,228 - ERROR - Ошибка логирования действия с отчётом 211: ('23000', '[23000] [Microsoft][ODBC Driver 17 for SQL Server][SQL Server]The INSERT statement conflicted with the FOREIGN KEY constraint "FK__report_hi__repor__49C3F6B7". The conflict occurred in database "inventoryyyyyyyy", table "dbo.report_templates", column \'id\'. (547) (SQLExecDirectW); [23000] [Microsoft][ODBC Driver 17 for SQL Server][SQL Server]The statement has been terminated. (3621)')
2025-09-16 11:13:02,365 - ERROR - Ошибка логирования действия с отчётом 210: ('23000', '[23000] [Microsoft][ODBC Driver 17 for SQL Server][SQL Server]The INSERT statement conflicted with the FOREIGN KEY constraint "FK__report_hi__repor__49C3F6B7". The conflict occurred in database "inventoryyyyyyyy", table "dbo.report_templates", column \'id\'. (547) (SQLExecDirectW); [23000] [Microsoft][ODBC Driver 17 for SQL Server][SQL Server]The statement has been terminated. (3621)')
2025-09-16 11:13:02,490 - ERROR - Ошибка логирования действия с отчётом 209: ('23000', '[23000] [Microsoft][ODBC Driver 17 for SQL Server][SQL Server]The INSERT statement conflicted with the FOREIGN KEY constraint "FK__report_hi__repor__49C3F6B7". The conflict occurred in database "inventoryyyyyyyy", table "dbo.report_templates", column \'id\'. (547) (SQLExecDirectW); [23000] [Microsoft][ODBC Driver 17 for SQL Server][SQL Server]The statement has been terminated. (3621)')
2025-09-16 11:13:02,633 - ERROR - Ошибка логирования действия с отчётом 208: ('23000', '[23000] [Microsoft][ODBC Driver 17 for SQL Server][SQL Server]The INSERT statement conflicted with the FOREIGN KEY constraint "FK__report_hi__repor__49C3F6B7". The conflict occurred in database "inventoryyyyyyyy", table "dbo.report_templates", column \'id\'. (547) (SQLExecDirectW); [23000] [Microsoft][ODBC Driver 17 for SQL Server][SQL Server]The statement has been terminated. (3621)')
2025-09-16 11:13:02,766 - ERROR - Ошибка логирования действия с отчётом 207: ('23000', '[23000] [Microsoft][ODBC Driver 17 for SQL Server][SQL Server]The INSERT statement conflicted with the FOREIGN KEY constraint "FK__report_hi__repor__49C3F6B7". The conflict occurred in database "inventoryyyyyyyy", table "dbo.report_templates", column \'id\'. (547) (SQLExecDirectW); [23000] [Microsoft][ODBC Driver 17 for SQL Server][SQL Server]The statement has been terminated. (3621)')
2025-09-16 11:13:02,887 - ERROR - Ошибка логирования действия с отчётом 206: ('23000', '[23000] [Microsoft][ODBC Driver 17 for SQL Server][SQL Server]The INSERT statement conflicted with the FOREIGN KEY constraint "FK__report_hi__repor__49C3F6B7". The conflict occurred in database "inventoryyyyyyyy", table "dbo.report_templates", column \'id\'. (547) (SQLExecDirectW); [23000] [Microsoft][ODBC Driver 17 for SQL Server][SQL Server]The statement has been terminated. (3621)')
2025-09-16 11:13:03,020 - ERROR - Ошибка логирования действия с отчётом 205: ('23000', '[23000] [Microsoft][ODBC Driver 17 for SQL Server][SQL Server]The INSERT statement conflicted with the FOREIGN KEY constraint "FK__report_hi__repor__49C3F6B7". The conflict occurred in database "inventoryyyyyyyy", table "dbo.report_templates", column \'id\'. (547) (SQLExecDirectW); [23000] [Microsoft][ODBC Driver 17 for SQL Server][SQL Server]The statement has been terminated. (3621)')
2025-09-16 11:13:03,140 - ERROR - Ошибка логирования действия с отчётом 204: ('23000', '[23000] [Microsoft][ODBC Driver 17 for SQL Server][SQL Server]The INSERT statement conflicted with the FOREIGN KEY constraint "FK__report_hi__repor__49C3F6B7". The conflict occurred in database "inventoryyyyyyyy", table "dbo.report_templates", column \'id\'. (547) (SQLExecDirectW); [23000] [Microsoft][ODBC Driver 17 for SQL Server][SQL Server]The statement has been terminated. (3621)')
2025-09-16 11:13:03,404 - ERROR - Ошибка логирования действия с отчётом 203: ('23000', '[23000] [Microsoft][ODBC Driver 17 for SQL Server][SQL Server]The INSERT statement conflicted with the FOREIGN KEY constraint "FK__report_hi__repor__49C3F6B7". The conflict occurred in database "inventoryyyyyyyy", table "dbo.report_templates", column \'id\'. (547) (SQLExecDirectW); [23000] [Microsoft][ODBC Driver 17 for SQL Server][SQL Server]The statement has been terminated. (3621)')
2025-09-16 11:13:03,529 - ERROR - Ошибка логирования действия с отчётом 202: ('23000', '[23000] [Microsoft][ODBC Driver 17 for SQL Server][SQL Server]The INSERT statement conflicted with the FOREIGN KEY constraint "FK__report_hi__repor__49C3F6B7". The conflict occurred in database "inventoryyyyyyyy", table "dbo.report_templates", column \'id\'. (547) (SQLExecDirectW); [23000] [Microsoft][ODBC Driver 17 for SQL Server][SQL Server]The statement has been terminated. (3621)')
2025-09-16 11:13:03,652 - ERROR - Ошибка логирования действия с отчётом 201: ('23000', '[23000] [Microsoft][ODBC Driver 17 for SQL Server][SQL Server]The INSERT statement conflicted with the FOREIGN KEY constraint "FK__report_hi__repor__49C3F6B7". The conflict occurred in database "inventoryyyyyyyy", table "dbo.report_templates", column \'id\'. (547) (SQLExecDirectW); [23000] [Microsoft][ODBC Driver 17 for SQL Server][SQL Server]The statement has been terminated. (3621)')
2025-09-16 11:13:03,872 - ERROR - Ошибка логирования действия с отчётом 200: ('23000', '[23000] [Microsoft][ODBC Driver 17 for SQL Server][SQL Server]The INSERT statement conflicted with the FOREIGN KEY constraint "FK__report_hi__repor__49C3F6B7". The conflict occurred in database "inventoryyyyyyyy", table "dbo.report_templates", column \'id\'. (547) (SQLExecDirectW); [23000] [Microsoft][ODBC Driver 17 for SQL Server][SQL Server]The statement has been terminated. (3621)')
2025-09-16 11:13:04,026 - ERROR - Ошибка логирования действия с отчётом 199: ('23000', '[23000] [Microsoft][ODBC Driver 17 for SQL Server][SQL Server]The INSERT statement conflicted with the FOREIGN KEY constraint "FK__report_hi__repor__49C3F6B7". The conflict occurred in database "inventoryyyyyyyy", table "dbo.report_templates", column \'id\'. (547) (SQLExecDirectW); [23000] [Microsoft][ODBC Driver 17 for SQL Server][SQL Server]The statement has been terminated. (3621)')
2025-09-16 11:13:04,238 - ERROR - Ошибка логирования действия с отчётом 198: ('23000', '[23000] [Microsoft][ODBC Driver 17 for SQL Server][SQL Server]The INSERT statement conflicted with the FOREIGN KEY constraint "FK__report_hi__repor__49C3F6B7". The conflict occurred in database "inventoryyyyyyyy", table "dbo.report_templates", column \'id\'. (547) (SQLExecDirectW); [23000] [Microsoft][ODBC Driver 17 for SQL Server][SQL Server]The statement has been terminated. (3621)')
2025-09-16 11:13:04,384 - ERROR - Ошибка логирования действия с отчётом 197: ('23000', '[23000] [Microsoft][ODBC Driver 17 for SQL Server][SQL Server]The INSERT statement conflicted with the FOREIGN KEY constraint "FK__report_hi__repor__49C3F6B7". The conflict occurred in database "inventoryyyyyyyy", table "dbo.report_templates", column \'id\'. (547) (SQLExecDirectW); [23000] [Microsoft][ODBC Driver 17 for SQL Server][SQL Server]The statement has been terminated. (3621)')
2025-09-16 11:13:04,514 - ERROR - Ошибка логирования действия с отчётом 195: ('23000', '[23000] [Microsoft][ODBC Driver 17 for SQL Server][SQL Server]The INSERT statement conflicted with the FOREIGN KEY constraint "FK__report_hi__repor__49C3F6B7". The conflict occurred in database "inventoryyyyyyyy", table "dbo.report_templates", column \'id\'. (547) (SQLExecDirectW); [23000] [Microsoft][ODBC Driver 17 for SQL Server][SQL Server]The statement has been terminated. (3621)')
2025-09-16 11:13:04,747 - ERROR - Ошибка логирования действия с отчётом 196: ('23000', '[23000] [Microsoft][ODBC Driver 17 for SQL Server][SQL Server]The INSERT statement conflicted with the FOREIGN KEY constraint "FK__report_hi__repor__49C3F6B7". The conflict occurred in database "inventoryyyyyyyy", table "dbo.report_templates", column \'id\'. (547) (SQLExecDirectW); [23000] [Microsoft][ODBC Driver 17 for SQL Server][SQL Server]The statement has been terminated. (3621)')
2025-09-16 11:13:04,966 - ERROR - Ошибка логирования действия с отчётом 194: ('23000', '[23000] [Microsoft][ODBC Driver 17 for SQL Server][SQL Server]The INSERT statement conflicted with the FOREIGN KEY constraint "FK__report_hi__repor__49C3F6B7". The conflict occurred in database "inventoryyyyyyyy", table "dbo.report_templates", column \'id\'. (547) (SQLExecDirectW); [23000] [Microsoft][ODBC Driver 17 for SQL Server][SQL Server]The statement has been terminated. (3621)')
2025-09-16 11:13:05,117 - ERROR - Ошибка логирования действия с отчётом 193: ('23000', '[23000] [Microsoft][ODBC Driver 17 for SQL Server][SQL Server]The INSERT statement conflicted with the FOREIGN KEY constraint "FK__report_hi__repor__49C3F6B7". The conflict occurred in database "inventoryyyyyyyy", table "dbo.report_templates", column \'id\'. (547) (SQLExecDirectW); [23000] [Microsoft][ODBC Driver 17 for SQL Server][SQL Server]The statement has been terminated. (3621)')
2025-09-16 11:13:05,244 - ERROR - Ошибка логирования действия с отчётом 192: ('23000', '[23000] [Microsoft][ODBC Driver 17 for SQL Server][SQL Server]The INSERT statement conflicted with the FOREIGN KEY constraint "FK__report_hi__repor__49C3F6B7". The conflict occurred in database "inventoryyyyyyyy", table "dbo.report_templates", column \'id\'. (547) (SQLExecDirectW); [23000] [Microsoft][ODBC Driver 17 for SQL Server][SQL Server]The statement has been terminated. (3621)')
2025-09-16 11:13:19,141 - ERROR - Ошибка создания визуализации: cannot convert float NaN to integer
2025-09-16 11:13:45,842 - INFO - Пользователь 1 выполнил действие: Сохранён отчёт Новый отчёт
2025-09-16 11:13:46,836 - INFO - Действие с отчётом None пользователем 1: Создан новый отчёт
2025-09-16 11:14:54,599 - INFO - Пользователь 1 выполнил действие: Сохранён отчёт Полный инвентарь
2025-09-16 11:14:55,551 - INFO - Действие с отчётом 4 пользователем 1: Отредактирован отчёт Полный инвентарь
2025-09-16 11:15:41,779 - INFO - Пользователь 1 выполнил действие: Сохранён отчёт Полный инвентарь
2025-09-16 11:15:42,840 - INFO - Действие с отчётом 4 пользователем 1: Отредактирован отчёт Полный инвентарь
2025-09-16 11:15:51,681 - ERROR - Ошибка диалога обновления предмета: arguments did not match any overloaded call:
  fromString(string: Optional[str], format: Qt.DateFormat = Qt.TextDate): argument 1 has unexpected type 'datetime.date'
  fromString(s: Optional[str], format: Optional[str]): argument 1 has unexpected type 'datetime.date'
  fromString(s: Optional[str], format: Optional[str], cal: QCalendar): argument 1 has unexpected type 'datetime.date'
